{"numTotalTestSuites":4,"numPassedTestSuites":4,"numFailedTestSuites":0,"numPendingTestSuites":0,"numTotalTests":21,"numPassedTests":21,"numFailedTests":0,"numPendingTests":0,"numTodoTests":0,"snapshot":{"added":0,"failure":false,"filesAdded":0,"filesRemoved":0,"filesRemovedList":[],"filesUnmatched":0,"filesUpdated":0,"matched":0,"total":0,"unchecked":0,"uncheckedKeysByFile":[],"unmatched":0,"updated":0,"didUpdate":false},"startTime":1770070833172,"success":true,"testResults":[{"assertionResults":[{"ancestorTitles":[],"fullName":"Validate basic functions","status":"passed","title":"Validate basic functions","duration":4.298334000000011,"failureMessages":[],"meta":{}},{"ancestorTitles":[],"fullName":"Validate Fetch and Delete all sessions for users","status":"passed","title":"Validate Fetch and Delete all sessions for users","duration":0.4822920000000295,"failureMessages":[],"meta":{}},{"ancestorTitles":[],"fullName":"Validate delete all expired sessions","status":"passed","title":"Validate delete all expired sessions","duration":0.2971249999999941,"failureMessages":[],"meta":{}}],"startTime":1770070833481,"endTime":1770070833486.4822,"status":"passed","message":"","name":"/Users/carlrobinson/Desktop/open_source/narvik/test/adapter.test.ts"},{"assertionResults":[{"ancestorTitles":[],"fullName":"Create cookie from session with default config","status":"passed","title":"Create cookie from session with default config","duration":1.2839170000000308,"failureMessages":[],"meta":{}},{"ancestorTitles":[],"fullName":"Create cookie from session with custom configuration","status":"passed","title":"Create cookie from session with custom configuration","duration":0.37712499999997817,"failureMessages":[],"meta":{}},{"ancestorTitles":[],"fullName":"Serialize cookies after modifying cookie values to cover edge cases","status":"passed","title":"Serialize cookies after modifying cookie values to cover edge cases","duration":0.22749999999996362,"failureMessages":[],"meta":{}},{"ancestorTitles":[],"fullName":"Create blank cookie with default config","status":"passed","title":"Create blank cookie with default config","duration":0.349207999999976,"failureMessages":[],"meta":{}},{"ancestorTitles":[],"fullName":"Create blank cookie with custom configuration","status":"passed","title":"Create blank cookie with custom configuration","duration":0.19904200000001993,"failureMessages":[],"meta":{}}],"startTime":1770070833488,"endTime":1770070833490.349,"status":"passed","message":"","name":"/Users/carlrobinson/Desktop/open_source/narvik/test/cookies.test.ts"},{"assertionResults":[{"ancestorTitles":[],"fullName":"Create and validate custom session with data added in callbacks","status":"passed","title":"Create and validate custom session with data added in callbacks","duration":3.264291999999955,"failureMessages":[],"meta":{}},{"ancestorTitles":[],"fullName":"Create custom session with data added in createSession call","status":"passed","title":"Create custom session with data added in createSession call","duration":0.3516670000000204,"failureMessages":[],"meta":{}}],"startTime":1770070833488,"endTime":1770070833491.3516,"status":"passed","message":"","name":"/Users/carlrobinson/Desktop/open_source/narvik/test/sessions-extended.test.ts"},{"assertionResults":[{"ancestorTitles":[],"fullName":"Create session with default session expiry configuration","status":"passed","title":"Create session with default session expiry configuration","duration":2.844832999999994,"failureMessages":[],"meta":{}},{"ancestorTitles":[],"fullName":"Create session with custom session expiry configuration","status":"passed","title":"Create session with custom session expiry configuration","duration":0.4849169999999958,"failureMessages":[],"meta":{}},{"ancestorTitles":[],"fullName":"Validate Session - not renewed as over half of length left","status":"passed","title":"Validate Session - not renewed as over half of length left","duration":0.5244159999999738,"failureMessages":[],"meta":{}},{"ancestorTitles":[],"fullName":"Validate Session - not renewed as less half of session length left","status":"passed","title":"Validate Session - not renewed as less half of session length left","duration":0.6555409999999711,"failureMessages":[],"meta":{}},{"ancestorTitles":[],"fullName":"Validate Session - null as session expired","status":"passed","title":"Validate Session - null as session expired","duration":0.27029099999998607,"failureMessages":[],"meta":{}},{"ancestorTitles":[],"fullName":"Validate Session - null as no session found","status":"passed","title":"Validate Session - null as no session found","duration":0.1639589999999771,"failureMessages":[],"meta":{}},{"ancestorTitles":[],"fullName":"Invalidate Session","status":"passed","title":"Invalidate Session","duration":0.18666600000000244,"failureMessages":[],"meta":{}},{"ancestorTitles":[],"fullName":"unset optional callbacks throw errors","status":"passed","title":"unset optional callbacks throw errors","duration":1.055749999999989,"failureMessages":[],"meta":{}},{"ancestorTitles":[],"fullName":"Fetch Sessions for User","status":"passed","title":"Fetch Sessions for User","duration":0.3537499999999909,"failureMessages":[],"meta":{}},{"ancestorTitles":[],"fullName":"Delete Sessions for User","status":"passed","title":"Delete Sessions for User","duration":0.1542919999999981,"failureMessages":[],"meta":{}},{"ancestorTitles":[],"fullName":"Delete All Expired Sessions","status":"passed","title":"Delete All Expired Sessions","duration":0.08549999999996771,"failureMessages":[],"meta":{}}],"startTime":1770070833489,"endTime":1770070833496.0854,"status":"passed","message":"","name":"/Users/carlrobinson/Desktop/open_source/narvik/test/sessions.test.ts"}],"coverageMap":{"/Users/carlrobinson/Desktop/open_source/narvik/src/session.ts":{"path":"/Users/carlrobinson/Desktop/open_source/narvik/src/session.ts","statementMap":{"0":{"start":{"line":12,"column":22},"end":{"line":12,"column":null}},"1":{"start":{"line":13,"column":27},"end":{"line":17,"column":null}},"2":{"start":{"line":19,"column":4},"end":{"line":21,"column":null}},"3":{"start":{"line":20,"column":8},"end":{"line":20,"column":null}},"4":{"start":{"line":23,"column":4},"end":{"line":23,"column":null}},"5":{"start":{"line":24,"column":4},"end":{"line":24,"column":null}},"6":{"start":{"line":25,"column":4},"end":{"line":25,"column":null}},"7":{"start":{"line":35,"column":22},"end":{"line":35,"column":null}},"8":{"start":{"line":36,"column":20},"end":{"line":36,"column":null}},"9":{"start":{"line":38,"column":4},"end":{"line":40,"column":null}},"10":{"start":{"line":39,"column":8},"end":{"line":39,"column":null}},"11":{"start":{"line":42,"column":4},"end":{"line":45,"column":null}},"12":{"start":{"line":43,"column":8},"end":{"line":43,"column":null}},"13":{"start":{"line":44,"column":8},"end":{"line":44,"column":null}},"14":{"start":{"line":46,"column":4},"end":{"line":50,"column":null}},"15":{"start":{"line":47,"column":8},"end":{"line":47,"column":null}},"16":{"start":{"line":48,"column":8},"end":{"line":48,"column":null}},"17":{"start":{"line":49,"column":8},"end":{"line":49,"column":null}},"18":{"start":{"line":51,"column":4},"end":{"line":51,"column":null}},"19":{"start":{"line":58,"column":4},"end":{"line":58,"column":null}}},"fnMap":{"0":{"name":"create","decl":{"start":{"line":5,"column":15},"end":{"line":5,"column":null}},"loc":{"start":{"line":11,"column":20},"end":{"line":26,"column":null}}},"1":{"name":"validate","decl":{"start":{"line":28,"column":15},"end":{"line":28,"column":null}},"loc":{"start":{"line":34,"column":27},"end":{"line":52,"column":null}}},"2":{"name":"invalidate","decl":{"start":{"line":54,"column":15},"end":{"line":54,"column":null}},"loc":{"start":{"line":57,"column":17},"end":{"line":59,"column":null}}}},"branchMap":{"0":{"loc":{"start":{"line":19,"column":4},"end":{"line":21,"column":null}},"type":"if","locations":[{"start":{"line":19,"column":4},"end":{"line":21,"column":null}},{"start":{},"end":{}}]},"1":{"loc":{"start":{"line":38,"column":4},"end":{"line":40,"column":null}},"type":"if","locations":[{"start":{"line":38,"column":4},"end":{"line":40,"column":null}},{"start":{},"end":{}}]},"2":{"loc":{"start":{"line":42,"column":4},"end":{"line":45,"column":null}},"type":"if","locations":[{"start":{"line":42,"column":4},"end":{"line":45,"column":null}},{"start":{},"end":{}}]},"3":{"loc":{"start":{"line":46,"column":4},"end":{"line":50,"column":null}},"type":"if","locations":[{"start":{"line":46,"column":4},"end":{"line":50,"column":null}},{"start":{},"end":{}}]}},"s":{"0":11,"1":11,"2":11,"3":1,"4":11,"5":11,"6":11,"7":7,"8":7,"9":7,"10":1,"11":6,"12":1,"13":1,"14":5,"15":2,"16":2,"17":2,"18":5,"19":2},"f":{"0":11,"1":7,"2":2},"b":{"0":[1,10],"1":[1,6],"2":[1,5],"3":[2,3]}},"/Users/carlrobinson/Desktop/open_source/narvik/src/cookie.ts":{"path":"/Users/carlrobinson/Desktop/open_source/narvik/src/cookie.ts","statementMap":{"0":{"start":{"line":4,"column":4},"end":{"line":7,"column":null}},"1":{"start":{"line":11,"column":4},"end":{"line":14,"column":null}},"2":{"start":{"line":18,"column":38},"end":{"line":18,"column":null}},"3":{"start":{"line":21,"column":4},"end":{"line":21,"column":null}},"4":{"start":{"line":24,"column":77},"end":{"line":31,"column":null}},"5":{"start":{"line":34,"column":4},"end":{"line":38,"column":null}},"6":{"start":{"line":35,"column":8},"end":{"line":37,"column":null}},"7":{"start":{"line":36,"column":12},"end":{"line":36,"column":null}},"8":{"start":{"line":40,"column":4},"end":{"line":40,"column":null}},"9":{"start":{"line":44,"column":4},"end":{"line":44,"column":null}}},"fnMap":{"0":{"name":"create","decl":{"start":{"line":3,"column":9},"end":{"line":3,"column":16}},"loc":{"start":{"line":3,"column":113},"end":{"line":8,"column":null}}},"1":{"name":"createBlank","decl":{"start":{"line":10,"column":9},"end":{"line":10,"column":21}},"loc":{"start":{"line":10,"column":77},"end":{"line":15,"column":null}}},"2":{"name":"serialize","decl":{"start":{"line":17,"column":9},"end":{"line":17,"column":19}},"loc":{"start":{"line":17,"column":86},"end":{"line":41,"column":null}}},"3":{"name":"capitalizeSameSite","decl":{"start":{"line":43,"column":9},"end":{"line":43,"column":28}},"loc":{"start":{"line":43,"column":54},"end":{"line":45,"column":null}}}},"branchMap":{"0":{"loc":{"start":{"line":28,"column":18},"end":{"line":28,"column":null}},"type":"cond-expr","locations":[{"start":{"line":28,"column":41},"end":{"line":28,"column":83}},{"start":{"line":28,"column":83},"end":{"line":28,"column":null}}]},"1":{"loc":{"start":{"line":29,"column":16},"end":{"line":29,"column":null}},"type":"cond-expr","locations":[{"start":{"line":29,"column":37},"end":{"line":29,"column":44}},{"start":{"line":29,"column":44},"end":{"line":29,"column":null}}]},"2":{"loc":{"start":{"line":30,"column":18},"end":{"line":30,"column":null}},"type":"cond-expr","locations":[{"start":{"line":30,"column":41},"end":{"line":30,"column":48}},{"start":{"line":30,"column":48},"end":{"line":30,"column":null}}]},"3":{"loc":{"start":{"line":35,"column":8},"end":{"line":37,"column":null}},"type":"if","locations":[{"start":{"line":35,"column":8},"end":{"line":37,"column":null}},{"start":{},"end":{}}]},"4":{"loc":{"start":{"line":36,"column":33},"end":{"line":36,"column":73}},"type":"cond-expr","locations":[{"start":{"line":36,"column":50},"end":{"line":36,"column":56}},{"start":{"line":36,"column":56},"end":{"line":36,"column":73}}]}},"s":{"0":3,"1":2,"2":7,"3":7,"4":7,"5":7,"6":42,"7":32,"8":7,"9":6},"f":{"0":3,"1":2,"2":7,"3":6},"b":{"0":[6,1],"1":[2,5],"2":[5,2],"3":[32,10],"4":[7,25]}},"/Users/carlrobinson/Desktop/open_source/narvik/src/token.ts":{"path":"/Users/carlrobinson/Desktop/open_source/narvik/src/token.ts","statementMap":{"0":{"start":{"line":4,"column":4},"end":{"line":4,"column":null}},"1":{"start":{"line":8,"column":18},"end":{"line":8,"column":null}},"2":{"start":{"line":9,"column":4},"end":{"line":9,"column":null}},"3":{"start":{"line":10,"column":4},"end":{"line":10,"column":null}}},"fnMap":{"0":{"name":"generateRandomToken","decl":{"start":{"line":3,"column":16},"end":{"line":3,"column":46}},"loc":{"start":{"line":3,"column":46},"end":{"line":5,"column":null}}},"1":{"name":"generateRandomBytes","decl":{"start":{"line":7,"column":9},"end":{"line":7,"column":29}},"loc":{"start":{"line":7,"column":57},"end":{"line":11,"column":null}}}},"branchMap":{},"s":{"0":11,"1":11,"2":11,"3":11},"f":{"0":11,"1":11},"b":{}},"/Users/carlrobinson/Desktop/open_source/narvik/src/index.ts":{"path":"/Users/carlrobinson/Desktop/open_source/narvik/src/index.ts","statementMap":{"0":{"start":{"line":53,"column":8},"end":{"line":53,"column":null}},"1":{"start":{"line":54,"column":8},"end":{"line":54,"column":null}},"2":{"start":{"line":55,"column":8},"end":{"line":55,"column":null}},"3":{"start":{"line":59,"column":8},"end":{"line":59,"column":null}},"4":{"start":{"line":87,"column":8},"end":{"line":87,"column":null}},"5":{"start":{"line":88,"column":8},"end":{"line":88,"column":null}},"6":{"start":{"line":89,"column":8},"end":{"line":89,"column":null}},"7":{"start":{"line":90,"column":8},"end":{"line":90,"column":null}},"8":{"start":{"line":91,"column":8},"end":{"line":97,"column":null}},"9":{"start":{"line":101,"column":29},"end":{"line":101,"column":null}},"10":{"start":{"line":102,"column":24},"end":{"line":102,"column":null}},"11":{"start":{"line":103,"column":8},"end":{"line":103,"column":null}},"12":{"start":{"line":107,"column":8},"end":{"line":107,"column":null}},"13":{"start":{"line":111,"column":8},"end":{"line":111,"column":null}},"14":{"start":{"line":115,"column":8},"end":{"line":117,"column":null}},"15":{"start":{"line":116,"column":12},"end":{"line":116,"column":null}},"16":{"start":{"line":118,"column":8},"end":{"line":118,"column":null}},"17":{"start":{"line":122,"column":8},"end":{"line":124,"column":null}},"18":{"start":{"line":123,"column":12},"end":{"line":123,"column":null}},"19":{"start":{"line":125,"column":8},"end":{"line":125,"column":null}},"20":{"start":{"line":129,"column":8},"end":{"line":131,"column":null}},"21":{"start":{"line":130,"column":12},"end":{"line":130,"column":null}},"22":{"start":{"line":132,"column":8},"end":{"line":132,"column":null}},"23":{"start":{"line":136,"column":8},"end":{"line":136,"column":null}},"24":{"start":{"line":140,"column":8},"end":{"line":140,"column":null}}},"fnMap":{"0":{"name":"(anonymous_0)","decl":{"start":{"line":52,"column":4},"end":{"line":52,"column":16}},"loc":{"start":{"line":52,"column":75},"end":{"line":56,"column":null}}},"1":{"name":"(anonymous_1)","decl":{"start":{"line":58,"column":11},"end":{"line":58,"column":31}},"loc":{"start":{"line":58,"column":31},"end":{"line":60,"column":null}}},"2":{"name":"(anonymous_2)","decl":{"start":{"line":86,"column":4},"end":{"line":86,"column":16}},"loc":{"start":{"line":86,"column":45},"end":{"line":98,"column":null}}},"3":{"name":"(anonymous_3)","decl":{"start":{"line":100,"column":4},"end":{"line":100,"column":17}},"loc":{"start":{"line":100,"column":117},"end":{"line":104,"column":null}}},"4":{"name":"(anonymous_4)","decl":{"start":{"line":106,"column":4},"end":{"line":106,"column":17}},"loc":{"start":{"line":106,"column":73},"end":{"line":108,"column":null}}},"5":{"name":"(anonymous_5)","decl":{"start":{"line":110,"column":4},"end":{"line":110,"column":17}},"loc":{"start":{"line":110,"column":69},"end":{"line":112,"column":null}}},"6":{"name":"(anonymous_6)","decl":{"start":{"line":114,"column":4},"end":{"line":114,"column":17}},"loc":{"start":{"line":114,"column":74},"end":{"line":119,"column":null}}},"7":{"name":"(anonymous_7)","decl":{"start":{"line":121,"column":4},"end":{"line":121,"column":17}},"loc":{"start":{"line":121,"column":70},"end":{"line":126,"column":null}}},"8":{"name":"(anonymous_8)","decl":{"start":{"line":128,"column":4},"end":{"line":128,"column":17}},"loc":{"start":{"line":128,"column":59},"end":{"line":133,"column":null}}},"9":{"name":"(anonymous_9)","decl":{"start":{"line":135,"column":11},"end":{"line":135,"column":24}},"loc":{"start":{"line":135,"column":54},"end":{"line":137,"column":null}}},"10":{"name":"(anonymous_10)","decl":{"start":{"line":139,"column":11},"end":{"line":139,"column":39}},"loc":{"start":{"line":139,"column":39},"end":{"line":141,"column":null}}}},"branchMap":{"0":{"loc":{"start":{"line":88,"column":34},"end":{"line":88,"column":null}},"type":"binary-expr","locations":[{"start":{"line":88,"column":34},"end":{"line":88,"column":73}},{"start":{"line":88,"column":73},"end":{"line":88,"column":null}}]},"1":{"loc":{"start":{"line":89,"column":33},"end":{"line":89,"column":null}},"type":"binary-expr","locations":[{"start":{"line":89,"column":33},"end":{"line":89,"column":70}},{"start":{"line":89,"column":70},"end":{"line":89,"column":null}}]},"2":{"loc":{"start":{"line":90,"column":26},"end":{"line":90,"column":null}},"type":"binary-expr","locations":[{"start":{"line":90,"column":26},"end":{"line":90,"column":50}},{"start":{"line":90,"column":50},"end":{"line":90,"column":null}}]},"3":{"loc":{"start":{"line":115,"column":8},"end":{"line":117,"column":null}},"type":"if","locations":[{"start":{"line":115,"column":8},"end":{"line":117,"column":null}},{"start":{},"end":{}}]},"4":{"loc":{"start":{"line":122,"column":8},"end":{"line":124,"column":null}},"type":"if","locations":[{"start":{"line":122,"column":8},"end":{"line":124,"column":null}},{"start":{},"end":{}}]},"5":{"loc":{"start":{"line":129,"column":8},"end":{"line":131,"column":null}},"type":"if","locations":[{"start":{"line":129,"column":8},"end":{"line":131,"column":null}},{"start":{},"end":{}}]}},"s":{"0":5,"1":5,"2":5,"3":7,"4":19,"5":19,"6":19,"7":19,"8":19,"9":11,"10":11,"11":11,"12":7,"13":2,"14":3,"15":1,"16":2,"17":3,"18":1,"19":2,"20":3,"21":1,"22":2,"23":3,"24":2},"f":{"0":5,"1":7,"2":19,"3":11,"4":7,"5":2,"6":3,"7":3,"8":3,"9":3,"10":2},"b":{"0":[19,14],"1":[19,18],"2":[19,16],"3":[1,2],"4":[1,2],"5":[1,2]}}}}